<?xml version="1.0" encoding="UTF-8"?>
<!-- Generated by org.testng.reporters.JUnitReportReporter -->
<testsuite hostname="LAPTOP-E1NRTU5J" failures="0" tests="1" name="TestNG_Projects.Parallel1Flights" time="8.305" errors="0" timestamp="2023-11-19T20:53:20 CST" skipped="0">
  <testcase classname="TestNG_Projects.Parallel1Flights" name="main" time="8.305"/>
</testsuite> <!-- TestNG_Projects.Parallel1Flights -->
