<?xml version="1.0" encoding="UTF-8"?>
<!-- Generated by org.testng.reporters.JUnitReportReporter -->
<testsuite hostname="LAPTOP-E1NRTU5J" failures="0" tests="3" name="TestNG_Projects.firstProject" time="9.320" errors="0" timestamp="2023-11-18T16:19:02 CST" skipped="0">
  <testcase classname="TestNG_Projects.firstProject" name="openapp" time="6.536"/>
  <testcase classname="TestNG_Projects.firstProject" name="checkLogo" time="0.341"/>
  <testcase classname="TestNG_Projects.firstProject" name="login" time="2.443"/>
</testsuite> <!-- TestNG_Projects.firstProject -->
