<?xml version="1.0" encoding="UTF-8"?>
<!-- Generated by org.testng.reporters.JUnitReportReporter -->
<testsuite hostname="LAPTOP-E1NRTU5J" failures="0" tests="1" name="TestNG_Projects.PF_LoginTest" time="0.412" errors="0" timestamp="2023-11-24T22:06:13 CST" skipped="0">
  <testcase classname="TestNG_Projects.PF_LoginTest" name="testLogin" time="0.412"/>
</testsuite> <!-- TestNG_Projects.PF_LoginTest -->
