<?xml version="1.0" encoding="UTF-8"?>
<!-- Generated by org.testng.reporters.JUnitReportReporter -->
<testsuite hostname="LAPTOP-E1NRTU5J" failures="0" tests="2" name="TestNG_Projects.beforeTestMethod" time="0.006" errors="0" timestamp="2023-11-18T15:56:22 CST" skipped="0">
  <testcase classname="TestNG_Projects.beforeTestMethod" name="Search" time="0.005"/>
  <testcase classname="TestNG_Projects.beforeTestMethod" name="AdvancedSearch" time="0.001"/>
</testsuite> <!-- TestNG_Projects.beforeTestMethod -->
