<?xml version="1.0" encoding="UTF-8"?>
<!-- Generated by org.testng.reporters.JUnitReportReporter -->
<testsuite hostname="LAPTOP-E1NRTU5J" failures="0" tests="1" name="TestNG_Projects.Parallel2_findElements" time="11.736" errors="0" timestamp="2023-11-19T20:53:20 CST" skipped="0">
  <testcase classname="TestNG_Projects.Parallel2_findElements" name="findElements" time="11.736"/>
</testsuite> <!-- TestNG_Projects.Parallel2_findElements -->
