<?xml version="1.0" encoding="UTF-8"?>
<!-- Generated by org.testng.reporters.JUnitReportReporter -->
<testsuite hostname="LAPTOP-E1NRTU5J" failures="0" tests="1" name="LogInPage.PFBeforeLoginTitle" time="7.303" errors="0" timestamp="2023-11-25T11:36:43 CST" skipped="0">
  <testcase classname="LogInPage.PFBeforeLoginTitle" name="testLogin" time="7.303"/>
</testsuite> <!-- LogInPage.PFBeforeLoginTitle -->
