<?xml version="1.0" encoding="UTF-8"?>
<!-- Generated by org.testng.reporters.JUnitReportReporter -->
<testsuite hostname="LAPTOP-E1NRTU5J" failures="0" tests="1" name="Trial.PFBeforeLoginTitle" time="2.025" errors="0" timestamp="2023-11-25T12:45:02 CST" skipped="0">
  <testcase classname="Trial.PFBeforeLoginTitle" name="testLogin" time="2.025"/>
</testsuite> <!-- Trial.PFBeforeLoginTitle -->
