<?xml version="1.0" encoding="UTF-8"?>
<!-- Generated by org.testng.reporters.JUnitReportReporter -->
<testsuite hostname="LAPTOP-E1NRTU5J" failures="0" tests="3" name="TestNG_Projects.groupSignup" time="0.010" errors="0" timestamp="2023-11-20T17:59:31 CST" skipped="0">
  <testcase classname="TestNG_Projects.groupSignup" name="SignUpFacebook" time="0.007"/>
  <testcase classname="TestNG_Projects.groupSignup" name="SignUpTwitter" time="0.002"/>
  <testcase classname="TestNG_Projects.groupSignup" name="SignUpGmail" time="0.001"/>
</testsuite> <!-- TestNG_Projects.groupSignup -->
