<?xml version="1.0" encoding="UTF-8"?>
<!-- Generated by org.testng.reporters.JUnitReportReporter -->
<testsuite hostname="LAPTOP-E1NRTU5J" failures="0" tests="3" name="TestNG_Projects.groupLogin" time="0.003" errors="0" timestamp="2023-11-20T17:59:04 CST" skipped="0">
  <testcase classname="TestNG_Projects.groupLogin" name="LoginFacebook" time="0.001"/>
  <testcase classname="TestNG_Projects.groupLogin" name="LoginTwitter" time="0.001"/>
  <testcase classname="TestNG_Projects.groupLogin" name="LoginGmail" time="0.001"/>
</testsuite> <!-- TestNG_Projects.groupLogin -->
