<?xml version="1.0" encoding="UTF-8"?>
<!-- Generated by org.testng.reporters.JUnitReportReporter -->
<testsuite hostname="LAPTOP-E1NRTU5J" failures="0" tests="4" name="TestNG_Projects.Annotations1" time="0.005" errors="0" timestamp="2023-11-18T16:19:02 CST" skipped="0">
  <testcase classname="TestNG_Projects.Annotations1" name="search" time="0.001"/>
  <testcase classname="TestNG_Projects.Annotations1" name="search" time="0.002"/>
  <testcase classname="TestNG_Projects.Annotations1" name="AdvancedSearch" time="0.002"/>
  <testcase classname="TestNG_Projects.Annotations1" name="AdvancedSearch" time="0.000"/>
</testsuite> <!-- TestNG_Projects.Annotations1 -->
