<?xml version="1.0" encoding="UTF-8"?>
<!-- Generated by org.testng.reporters.JUnitReportReporter -->
<testsuite hostname="LAPTOP-E1NRTU5J" failures="0" tests="1" name="TestNG_Projects.LoginTest" time="1.522" errors="0" timestamp="2023-11-24T21:18:23 CST" skipped="0">
  <testcase classname="TestNG_Projects.LoginTest" name="LoginTest" time="1.522"/>
</testsuite> <!-- TestNG_Projects.LoginTest -->
