<?xml version="1.0" encoding="UTF-8"?>
<!-- Generated by org.testng.reporters.JUnitReportReporter -->
<testsuite hostname="LAPTOP-E1NRTU5J" failures="0" tests="1" name="LogInPage.PFLoginLogo" time="6.967" errors="0" timestamp="2023-11-25T11:36:43 CST" skipped="0">
  <testcase classname="LogInPage.PFLoginLogo" name="LogoDisplay" time="6.967"/>
</testsuite> <!-- LogInPage.PFLoginLogo -->
