<?xml version="1.0" encoding="UTF-8"?>
<!-- Generated by org.testng.reporters.JUnitReportReporter -->
<testsuite hostname="LAPTOP-E1NRTU5J" failures="0" tests="3" name="TestNG_Projects.invocationCount" time="0.020" errors="0" timestamp="2023-11-19T21:17:57 CST" skipped="0">
  <testcase classname="TestNG_Projects.invocationCount" name="method1" time="0.016"/>
  <testcase classname="TestNG_Projects.invocationCount" name="method2" time="0.002"/>
  <testcase classname="TestNG_Projects.invocationCount" name="method2" time="0.002"/>
</testsuite> <!-- TestNG_Projects.invocationCount -->
