<?xml version="1.0" encoding="UTF-8"?>
<!-- Generated by org.testng.reporters.JUnitReportReporter -->
<testsuite hostname="LAPTOP-E1NRTU5J" failures="0" tests="3" name="TestNG_Projects.GrouppaymentTest" time="0.010" errors="0" timestamp="2023-11-20T18:16:50 CST" skipped="0">
  <testcase classname="TestNG_Projects.GrouppaymentTest" name="PaymentFacebook" time="0.008"/>
  <testcase classname="TestNG_Projects.GrouppaymentTest" name="paymentTwitter" time="0.001"/>
  <testcase classname="TestNG_Projects.GrouppaymentTest" name="paymentGmail" time="0.001"/>
</testsuite> <!-- TestNG_Projects.GrouppaymentTest -->
