<?xml version="1.0" encoding="UTF-8"?>
<!-- Generated by org.testng.reporters.JUnitReportReporter -->
<testsuite hostname="LAPTOP-E1NRTU5J" failures="0" tests="1" name="TestNG_Projects.PFLogoTest" time="2.062" errors="0" timestamp="2023-11-24T22:06:13 CST" skipped="0">
  <testcase classname="TestNG_Projects.PFLogoTest" name="LogoDisplay" time="2.062"/>
</testsuite> <!-- TestNG_Projects.PFLogoTest -->
