<?xml version="1.0" encoding="UTF-8"?>
<!-- Generated by org.testng.reporters.JUnitReportReporter -->
<testsuite hostname="LAPTOP-E1NRTU5J" failures="0" tests="3" name="TestNG.firstTestNGprog" time="0.010" errors="0" timestamp="2023-11-16T16:47:18 CST" skipped="0">
  <testcase classname="TestNG.firstTestNGprog" name="third" time="0.007"/>
  <testcase classname="TestNG.firstTestNGprog" name="openapp" time="0.002"/>
  <testcase classname="TestNG.firstTestNGprog" name="second" time="0.001"/>
</testsuite> <!-- TestNG.firstTestNGprog -->
