<?xml version="1.0" encoding="UTF-8"?>
<!-- Generated by org.testng.reporters.JUnitReportReporter -->
<testsuite hostname="LAPTOP-E1NRTU5J" failures="0" tests="1" name="logInPageNegativeTests.LoginNegativeTest" time="0.585" errors="0" timestamp="2023-11-26T11:22:49 CST" skipped="0">
  <testcase classname="logInPageNegativeTests.LoginNegativeTest" name="clearPwd" time="0.585"/>
</testsuite> <!-- logInPageNegativeTests.LoginNegativeTest -->
