<?xml version="1.0" encoding="UTF-8"?>
<!-- Generated by org.testng.reporters.JUnitReportReporter -->
<testsuite hostname="LAPTOP-E1NRTU5J" failures="0" tests="3" name="logInPageTestsNegative.LoginPageNegativeTest" time="0.948" errors="0" timestamp="2023-11-25T18:29:21 CST" skipped="0">
  <testcase classname="logInPageTestsNegative.LoginPageNegativeTest" name="LoginWithoutData" time="0.629"/>
  <testcase classname="logInPageTestsNegative.LoginPageNegativeTest" name="LoginWithoutPwd" time="0.168"/>
  <testcase classname="logInPageTestsNegative.LoginPageNegativeTest" name="LoginWithoutUser" time="0.151"/>
</testsuite> <!-- logInPageTestsNegative.LoginPageNegativeTest -->
