<?xml version="1.0" encoding="UTF-8"?>
<!-- Generated by org.testng.reporters.JUnitReportReporter -->
<testsuite hostname="LAPTOP-E1NRTU5J" failures="0" tests="7" name="LogInPage.PFFullTest" time="6.307" errors="0" timestamp="2023-11-25T12:01:13 CST" skipped="0">
  <testcase classname="LogInPage.PFFullTest" name="BeforeLoginTitle" time="2.019"/>
  <testcase classname="LogInPage.PFFullTest" name="setLoginUser" time="0.075"/>
  <testcase classname="LogInPage.PFFullTest" name="chkUserLabel" time="2.036"/>
  <testcase classname="LogInPage.PFFullTest" name="chkPwdLabel" time="2.025"/>
  <testcase classname="LogInPage.PFFullTest" name="setLoginPwd" time="0.056"/>
  <testcase classname="LogInPage.PFFullTest" name="ForPwdLinkVisible" time="0.037"/>
  <testcase classname="LogInPage.PFFullTest" name="clickLogin" time="0.059"/>
</testsuite> <!-- LogInPage.PFFullTest -->
