<?xml version="1.0" encoding="UTF-8"?>
<!-- Generated by org.testng.reporters.JUnitReportReporter -->
<testsuite hostname="LAPTOP-E1NRTU5J" failures="0" tests="2" name="TestNG_Projects.beforeAfterClass" time="0.002" errors="0" timestamp="2023-11-18T08:24:49 CST" skipped="0">
  <testcase classname="TestNG_Projects.beforeAfterClass" name="Search" time="0.001"/>
  <testcase classname="TestNG_Projects.beforeAfterClass" name="AdvancedSearch" time="0.001"/>
</testsuite> <!-- TestNG_Projects.beforeAfterClass -->
